[0.000000] (-) TimerEvent: {}
[0.000387] (mypkg) JobQueued: {'identifier': 'mypkg', 'dependencies': OrderedDict([('person_msgs', '/home/rui810/ros2_ws/src/install/person_msgs'), ('mypkg', '/home/rui810/ros2_ws/src/install/mypkg')])}
[0.001172] (mypkg) JobStarted: {'identifier': 'mypkg'}
[0.098282] (-) TimerEvent: {}
[0.199063] (-) TimerEvent: {}
[0.300013] (-) TimerEvent: {}
[0.401570] (-) TimerEvent: {}
[0.502642] (-) TimerEvent: {}
[0.603522] (-) TimerEvent: {}
[0.704393] (-) TimerEvent: {}
[0.805195] (-) TimerEvent: {}
[0.852869] (mypkg) Command: {'cmd': ['/usr/bin/python3', '-m', 'pytest'], 'cwd': '/home/rui810/ros2_ws/src/mypkg', 'env': {'LESSOPEN': '| /usr/bin/lesspipe %s', 'CONDA_PROMPT_MODIFIER': '(base)', 'USER': 'rui810', 'SHLVL': '1', 'LD_LIBRARY_PATH': '/home/rui810/ros2_ws/src/install/person_msgs/lib:/home/rui810/ros2_ws/install/person_msgs/lib:/opt/ros/humble/opt/rviz_ogre_vendor/lib:/opt/ros/humble/lib/x86_64-linux-gnu:/opt/ros/humble/lib', 'CONDA_BACKUP_QT_XCB_GL_INTEGRATION': '', 'HOME': '/home/rui810', 'CONDA_SHLVL': '1', 'OLDPWD': '/home/rui810/ros2_ws/src/mypkg', 'ROS_PYTHON_VERSION': '3', 'DBUS_SESSION_BUS_ADDRESS': 'unix:path=/run/user/1000/bus', '_CE_M': '', 'WSL_DISTRO_NAME': 'Ubuntu-22.04', '_CONDA_ROOT': '/home/rui810/anaconda3', 'WAYLAND_DISPLAY': 'wayland-0', 'COLCON_PREFIX_PATH': '/home/rui810/ros2_ws/install:/home/rui810/ros2_ws/src/install', 'ROS_DISTRO': 'humble', 'LOGNAME': 'rui810', 'NAME': 'LAPTOP-H84RGIB9', 'WSL_INTEROP': '/run/WSL/109173_interop', 'PULSE_SERVER': 'unix:/mnt/wslg/PulseServer', '_': '/usr/bin/colcon', 'ROS_VERSION': '2', 'TERM': 'xterm-256color', '_CE_CONDA': '', 'ROS_LOCALHOST_ONLY': '0', 'PATH': '/opt/ros/humble/bin:/home/rui810/anaconda3/bin:/home/rui810/anaconda3/condabin:/usr/local/sbin:/usr/local/bin:/usr/sbin:/usr/bin:/sbin:/bin:/usr/games:/usr/local/games:/usr/lib/wsl/lib:/mnt/c/WINDOWS/system32:/mnt/c/WINDOWS:/mnt/c/WINDOWS/System32/Wbem:/mnt/c/WINDOWS/System32/WindowsPowerShell/v1.0:/mnt/c/WINDOWS/System32/OpenSSH:/mnt/c/Program Files/dotnet:/mnt/c/Program Files/MATLAB/R2024b/bin:/mnt/c/Users/Rui01/AppData/Local/Microsoft/WindowsApps:/mnt/c/Users/Rui01/AppData/Local/Programs/Microsoft VS Code/bin:/snap/bin', 'XDG_RUNTIME_DIR': '/run/user/1000/', 'DISPLAY': ':0', 'LANG': 'C.UTF-8', 'LS_COLORS': 'rs=0:di=01;34:ln=01;36:mh=00:pi=40;33:so=01;35:do=01;35:bd=40;33;01:cd=40;33;01:or=40;31;01:mi=00:su=37;41:sg=30;43:ca=30;41:tw=30;42:ow=34;42:st=37;44:ex=01;32:*.tar=01;31:*.tgz=01;31:*.arc=01;31:*.arj=01;31:*.taz=01;31:*.lha=01;31:*.lz4=01;31:*.lzh=01;31:*.lzma=01;31:*.tlz=01;31:*.txz=01;31:*.tzo=01;31:*.t7z=01;31:*.zip=01;31:*.z=01;31:*.dz=01;31:*.gz=01;31:*.lrz=01;31:*.lz=01;31:*.lzo=01;31:*.xz=01;31:*.zst=01;31:*.tzst=01;31:*.bz2=01;31:*.bz=01;31:*.tbz=01;31:*.tbz2=01;31:*.tz=01;31:*.deb=01;31:*.rpm=01;31:*.jar=01;31:*.war=01;31:*.ear=01;31:*.sar=01;31:*.rar=01;31:*.alz=01;31:*.ace=01;31:*.zoo=01;31:*.cpio=01;31:*.7z=01;31:*.rz=01;31:*.cab=01;31:*.wim=01;31:*.swm=01;31:*.dwm=01;31:*.esd=01;31:*.jpg=01;35:*.jpeg=01;35:*.mjpg=01;35:*.mjpeg=01;35:*.gif=01;35:*.bmp=01;35:*.pbm=01;35:*.pgm=01;35:*.ppm=01;35:*.tga=01;35:*.xbm=01;35:*.xpm=01;35:*.tif=01;35:*.tiff=01;35:*.png=01;35:*.svg=01;35:*.svgz=01;35:*.mng=01;35:*.pcx=01;35:*.mov=01;35:*.mpg=01;35:*.mpeg=01;35:*.m2v=01;35:*.mkv=01;35:*.webm=01;35:*.webp=01;35:*.ogm=01;35:*.mp4=01;35:*.m4v=01;35:*.mp4v=01;35:*.vob=01;35:*.qt=01;35:*.nuv=01;35:*.wmv=01;35:*.asf=01;35:*.rm=01;35:*.rmvb=01;35:*.flc=01;35:*.avi=01;35:*.fli=01;35:*.flv=01;35:*.gl=01;35:*.dl=01;35:*.xcf=01;35:*.xwd=01;35:*.yuv=01;35:*.cgm=01;35:*.emf=01;35:*.ogv=01;35:*.ogx=01;35:*.aac=00;36:*.au=00;36:*.flac=00;36:*.m4a=00;36:*.mid=00;36:*.midi=00;36:*.mka=00;36:*.mp3=00;36:*.mpc=00;36:*.ogg=00;36:*.ra=00;36:*.wav=00;36:*.oga=00;36:*.opus=00;36:*.spx=00;36:*.xspf=00;36:', 'QT_XCB_GL_INTEGRATION': 'none', 'GSETTINGS_SCHEMA_DIR': '/home/rui810/anaconda3/share/glib-2.0/schemas', 'AMENT_PREFIX_PATH': '/home/rui810/ros2_ws/src/install/mypkg:/home/rui810/ros2_ws/install/mypkg:/home/rui810/ros2_ws/install/person_msgs:/home/rui810/ros2_ws/src/install/person_msgs:/opt/ros/humble', 'CONDA_PYTHON_EXE': '/home/rui810/anaconda3/bin/python', 'SHELL': '/bin/bash', 'LESSCLOSE': '/usr/bin/lesspipe %s %s', 'CONDA_DEFAULT_ENV': 'base', '_CONDA_EXE': '/home/rui810/anaconda3/bin/conda', 'PWD': '/home/rui810/ros2_ws/src/build/mypkg', 'CONDA_EXE': '/home/rui810/anaconda3/bin/conda', 'XDG_DATA_DIRS': '/usr/local/share:/usr/share:/var/lib/snapd/desktop', 'PYTHONPATH': '/home/rui810/ros2_ws/src/install/mypkg/lib/python3.10/site-packages:/home/rui810/ros2_ws/install/person_msgs/lib/python3.13/site-packages:/home/rui810/ros2_ws/install/mypkg/lib/python3.10/site-packages:/home/rui810/ros2_ws/install/person_msgs/local/lib/python3.10/dist-packages:/home/rui810/ros2_ws/src/install/person_msgs/lib/python3.13/site-packages:/opt/ros/humble/lib/python3.10/site-packages:/opt/ros/humble/local/lib/python3.10/dist-packages', 'CONDA_PREFIX': '/home/rui810/anaconda3', 'GSETTINGS_SCHEMA_DIR_CONDA_BACKUP': '', 'COLCON': '1', 'WSL2_GUI_APPS_ENABLED': '1', 'HOSTTYPE': 'x86_64', 'CMAKE_PREFIX_PATH': '/home/rui810/ros2_ws/src/install/person_msgs:/home/rui810/ros2_ws/install/person_msgs', 'WSLENV': '', 'PYTHONDONTWRITEBYTECODE': '1', 'PYTEST_ADDOPTS': '--tb=short --junit-xml=/home/rui810/ros2_ws/src/build/mypkg/pytest.xml --junit-prefix=mypkg -o cache_dir=/home/rui810/ros2_ws/src/build/mypkg/.pytest_cache'}, 'shell': False}
[0.905443] (-) TimerEvent: {}
[1.006166] (-) TimerEvent: {}
[1.106832] (-) TimerEvent: {}
[1.207766] (-) TimerEvent: {}
[1.308683] (-) TimerEvent: {}
[1.409550] (-) TimerEvent: {}
[1.510277] (-) TimerEvent: {}
[1.611445] (-) TimerEvent: {}
[1.712337] (-) TimerEvent: {}
[1.786315] (mypkg) StdoutLine: {'line': b'\x1b[1m============================= test session starts ==============================\x1b[0m\n'}
[1.786847] (mypkg) StdoutLine: {'line': b'platform linux -- Python 3.10.12, pytest-6.2.5, py-1.10.0, pluggy-0.13.0\n'}
[1.798320] (mypkg) StdoutLine: {'line': b'cachedir: /home/rui810/ros2_ws/src/build/mypkg/.pytest_cache\n'}
[1.798875] (mypkg) StdoutLine: {'line': b'rootdir: /home/rui810/ros2_ws/src/mypkg\n'}
[1.799366] (mypkg) StdoutLine: {'line': b'plugins: launch-testing-1.0.13, ament-copyright-0.12.14, ament-pep257-0.12.14, ament-flake8-0.12.14, ament-xmllint-0.12.14, ament-lint-0.12.14, launch-testing-ros-0.19.13, cov-3.0.0, colcon-core-0.20.1\n'}
[1.812630] (-) TimerEvent: {}
[1.913387] (-) TimerEvent: {}
[2.014214] (-) TimerEvent: {}
[2.096516] (mypkg) StdoutLine: {'line': b'\x1b[1mcollecting ... \x1b[0m\x1b[1m\n'}
[2.097004] (mypkg) StdoutLine: {'line': b'collected 3 items                                                              \x1b[0m\n'}
[2.097645] (mypkg) StdoutLine: {'line': b'\n'}
[2.109692] (mypkg) StdoutLine: {'line': b'test/test_copyright.py \x1b[33ms\x1b[0m\x1b[32m                                                 [ 33%]\x1b[0m\n'}
[2.114501] (-) TimerEvent: {}
[2.215753] (-) TimerEvent: {}
[2.316471] (-) TimerEvent: {}
[2.400625] (mypkg) StdoutLine: {'line': b'test/test_flake8.py \x1b[31mF\x1b[0m\x1b[31m                                                    [ 66%]\x1b[0m\n'}
[2.416734] (-) TimerEvent: {}
[2.461605] (mypkg) StdoutLine: {'line': b'test/test_pep257.py \x1b[31mF\x1b[0m\x1b[31m                                                    [100%]\x1b[0m\n'}
[2.462301] (mypkg) StdoutLine: {'line': b'\n'}
[2.462499] (mypkg) StdoutLine: {'line': b'=================================== FAILURES ===================================\n'}
[2.462598] (mypkg) StdoutLine: {'line': b'\x1b[31m\x1b[1m_________________________________ test_flake8 __________________________________\x1b[0m\n'}
[2.462682] (mypkg) StdoutLine: {'line': b'\x1b[1m\x1b[31mtest/test_flake8.py\x1b[0m:23: in test_flake8\n'}
[2.517101] (-) TimerEvent: {}
[2.560854] (mypkg) StdoutLine: {'line': b'    \x1b[94massert\x1b[39;49;00m rc == \x1b[94m0\x1b[39;49;00m, \\\n'}
[2.562370] (mypkg) StdoutLine: {'line': b'\x1b[1m\x1b[31mE   AssertionError: Found 1 code style errors / warnings:\x1b[0m\n'}
[2.563800] (mypkg) StdoutLine: {'line': b'\x1b[1m\x1b[31mE     ./launch/talk_listen.py:3:2: E999 IndentationError: unexpected indent\x1b[0m\n'}
[2.563977] (mypkg) StdoutLine: {'line': b'\x1b[1m\x1b[31mE   assert 1 == 0\x1b[0m\n'}
[2.564067] (mypkg) StdoutLine: {'line': b'----------------------------- Captured stdout call -----------------------------\n'}
[2.564152] (mypkg) StdoutLine: {'line': b'\n'}
[2.564233] (mypkg) StdoutLine: {'line': b'./launch/talk_listen.py:3:2: E999 IndentationError: unexpected indent\n'}
[2.564310] (mypkg) StdoutLine: {'line': b'\n'}
[2.564619] (mypkg) StdoutLine: {'line': b'1     E999 IndentationError: unexpected indent\n'}
[2.564714] (mypkg) StdoutLine: {'line': b'\n'}
[2.564803] (mypkg) StdoutLine: {'line': b'8 files checked\n'}
[2.564885] (mypkg) StdoutLine: {'line': b'1 errors\n'}
[2.564962] (mypkg) StdoutLine: {'line': b'\n'}
[2.565039] (mypkg) StdoutLine: {'line': b"'E'-type errors: 1\n"}
[2.565141] (mypkg) StdoutLine: {'line': b'\n'}
[2.565356] (mypkg) StdoutLine: {'line': b'Checked files:\n'}
[2.565459] (mypkg) StdoutLine: {'line': b'\n'}
[2.565553] (mypkg) StdoutLine: {'line': b'* ./setup.py\n'}
[2.565647] (mypkg) StdoutLine: {'line': b'* ./mypkg/listener.py\n'}
[2.565746] (mypkg) StdoutLine: {'line': b'* ./mypkg/talker.py\n'}
[2.565839] (mypkg) StdoutLine: {'line': b'* ./mypkg/__init__.py\n'}
[2.565925] (mypkg) StdoutLine: {'line': b'* ./launch/talk_listen.py\n'}
[2.566009] (mypkg) StdoutLine: {'line': b'* ./test/test_copyright.py\n'}
[2.566092] (mypkg) StdoutLine: {'line': b'* ./test/test_pep257.py\n'}
[2.566425] (mypkg) StdoutLine: {'line': b'* ./test/test_flake8.py\n'}
[2.566543] (mypkg) StdoutLine: {'line': b'----------------------------- Captured stderr call -----------------------------\n'}
[2.566636] (mypkg) StdoutLine: {'line': b'option --max-complexity: please update from optparse string `type=` to argparse callable `type=` -- this will be an error in the future\n'}
[2.566721] (mypkg) StdoutLine: {'line': b'\x1b[31m\x1b[1m_________________________________ test_pep257 __________________________________\x1b[0m\n'}
[2.566806] (mypkg) StdoutLine: {'line': b'\x1b[1m\x1b[31mtest/test_pep257.py\x1b[0m:23: in test_pep257\n'}
[2.566887] (mypkg) StdoutLine: {'line': b"    \x1b[94massert\x1b[39;49;00m rc == \x1b[94m0\x1b[39;49;00m, \x1b[33m'\x1b[39;49;00m\x1b[33mFound code style errors / warnings\x1b[39;49;00m\x1b[33m'\x1b[39;49;00m\n"}
[2.566970] (mypkg) StdoutLine: {'line': b'\x1b[1m\x1b[31mE   AssertionError: Found code style errors / warnings\x1b[0m\n'}
[2.567049] (mypkg) StdoutLine: {'line': b'\x1b[1m\x1b[31mE   assert 1 == 0\x1b[0m\n'}
[2.567198] (mypkg) StdoutLine: {'line': b'----------------------------- Captured stdout call -----------------------------\n'}
[2.567462] (mypkg) StdoutLine: {'line': b'checking ./launch/talk_listen.py\n'}
[2.567561] (mypkg) StdoutLine: {'line': b'./launch/talk_listen.py: Cannot parse file.\n'}
[2.567684] (mypkg) StdoutLine: {'line': b'checking ./mypkg/__init__.py\n'}
[2.567797] (mypkg) StdoutLine: {'line': b'checking ./mypkg/listener.py\n'}
[2.567890] (mypkg) StdoutLine: {'line': b'checking ./mypkg/talker.py\n'}
[2.567975] (mypkg) StdoutLine: {'line': b'checking ./setup.py\n'}
[2.568058] (mypkg) StdoutLine: {'line': b'checking ./test/test_copyright.py\n'}
[2.568143] (mypkg) StdoutLine: {'line': b'checking ./test/test_flake8.py\n'}
[2.568238] (mypkg) StdoutLine: {'line': b'checking ./test/test_pep257.py\n'}
[2.568492] (mypkg) StdoutLine: {'line': b'checking test/test_copyright.py\n'}
[2.568588] (mypkg) StdoutLine: {'line': b'checking test/test_flake8.py\n'}
[2.568779] (mypkg) StdoutLine: {'line': b'checking test/test_pep257.py\n'}
[2.568915] (mypkg) StdoutLine: {'line': b'1 errors\n'}
[2.569012] (mypkg) StdoutLine: {'line': b'----------------------------- Captured stderr call -----------------------------\n'}
[2.569104] (mypkg) StdoutLine: {'line': b'Error in file ./launch/talk_listen.py: Cannot parse file.\n'}
[2.569189] (mypkg) StdoutLine: {'line': b'----- generated xml file: /home/rui810/ros2_ws/src/build/mypkg/pytest.xml ------\n'}
[2.569332] (mypkg) StderrLine: {'line': b'\x1b[33m=============================== warnings summary ===============================\x1b[0m\n'}
[2.569495] (mypkg) StderrLine: {'line': b'test/test_flake8.py::test_flake8\n'}
[2.569598] (mypkg) StderrLine: {'line': b'test/test_flake8.py::test_flake8\n'}
[2.569683] (mypkg) StderrLine: {'line': b'  Warning: SelectableGroups dict interface is deprecated. Use select.\n'}
[2.570055] (mypkg) StderrLine: {'line': b'\n'}
[2.570185] (mypkg) StderrLine: {'line': b'-- Docs: https://docs.pytest.org/en/stable/warnings.html\n'}
[2.570276] (mypkg) StdoutLine: {'line': b'=========================== short test summary info ============================\n'}
[2.570371] (mypkg) StdoutLine: {'line': b'FAILED test/test_flake8.py::test_flake8 - AssertionError: Found 1 code style ...\n'}
[2.570459] (mypkg) StdoutLine: {'line': b'FAILED test/test_pep257.py::test_pep257 - AssertionError: Found code style er...\n'}
[2.570704] (mypkg) StdoutLine: {'line': b'\x1b[31m=================== \x1b[31m\x1b[1m2 failed\x1b[0m, \x1b[33m1 skipped\x1b[0m, \x1b[33m2 warnings\x1b[0m\x1b[31m in 0.78s\x1b[0m\x1b[31m ===================\x1b[0m\n'}
[2.617494] (-) TimerEvent: {}
[2.707886] (mypkg) CommandEnded: {'returncode': 1}
[2.709964] (mypkg) TestFailure: {'identifier': 'mypkg'}
[2.710024] (mypkg) JobEnded: {'identifier': 'mypkg', 'rc': 0}
[2.710879] (-) EventReactorShutdown: {}
