<?xml version="1.0" encoding="utf-8"?><testsuites><testsuite name="pytest" errors="0" failures="0" skipped="1" tests="3" time="0.528" timestamp="2025-12-31T08:00:35.738807" hostname="LAPTOP-H84RGIB9"><testcase classname="mypkg.test.test_copyright" name="test_copyright" time="0.001"><skipped type="pytest.skip" message="No copyright header has been placed in the generated source file.">/home/rui810/ros2_ws/src/mypkg/test/test_copyright.py:20: No copyright header has been placed in the generated source file.</skipped></testcase><testcase classname="mypkg.test.test_flake8" name="test_flake8" time="0.204" /><testcase classname="mypkg.test.test_pep257" name="test_pep257" time="0.048" /></testsuite></testsuites>