<?xml version="1.0" encoding="utf-8"?><testsuites><testsuite name="pytest" errors="0" failures="2" skipped="1" tests="3" time="0.679" timestamp="2025-12-31T07:42:16.602998" hostname="LAPTOP-H84RGIB9"><testcase classname="mypkg.test.test_copyright" name="test_copyright" time="0.001"><skipped type="pytest.skip" message="No copyright header has been placed in the generated source file.">/home/rui810/ros2_ws/src/mypkg/test/test_copyright.py:20: No copyright header has been placed in the generated source file.</skipped></testcase><testcase classname="mypkg.test.test_flake8" name="test_flake8" time="0.231"><failure message="AssertionError: Found 1 code style errors / warnings:&#10;  ./launch/talk_listen.py:3:2: E999 IndentationError: unexpected indent&#10;assert 1 == 0">test/test_flake8.py:23: in test_flake8
    assert rc == 0, \
E   AssertionError: Found 1 code style errors / warnings:
E     ./launch/talk_listen.py:3:2: E999 IndentationError: unexpected indent
E   assert 1 == 0</failure></testcase><testcase classname="mypkg.test.test_pep257" name="test_pep257" time="0.053"><failure message="AssertionError: Found code style errors / warnings&#10;assert 1 == 0">test/test_pep257.py:23: in test_pep257
    assert rc == 0, 'Found code style errors / warnings'
E   AssertionError: Found code style errors / warnings
E   assert 1 == 0</failure></testcase></testsuite></testsuites>