[1m============================= test session starts ==============================[0m
platform linux -- Python 3.10.12, pytest-6.2.5, py-1.10.0, pluggy-0.13.0
cachedir: /home/rui810/ros2_ws/src/build/mypkg/.pytest_cache
rootdir: /home/rui810/ros2_ws/src/mypkg
plugins: launch-testing-1.0.13, ament-copyright-0.12.14, ament-pep257-0.12.14, ament-flake8-0.12.14, ament-xmllint-0.12.14, ament-lint-0.12.14, launch-testing-ros-0.19.13, cov-3.0.0, colcon-core-0.20.1
[1mcollecting ... [0m[1m
collected 3 items                                                              [0m

test/test_copyright.py [33ms[0m[32m                                                 [ 33%][0m
test/test_flake8.py [31mF[0m[31m                                                    [ 66%][0m
test/test_pep257.py [31mF[0m[31m                                                    [100%][0m

=================================== FAILURES ===================================
[31m[1m_________________________________ test_flake8 __________________________________[0m
[1m[31mtest/test_flake8.py[0m:23: in test_flake8
    [94massert[39;49;00m rc == [94m0[39;49;00m, \
[1m[31mE   AssertionError: Found 1 code style errors / warnings:[0m
[1m[31mE     ./launch/talk_listen.py:3:2: E999 IndentationError: unexpected indent[0m
[1m[31mE   assert 1 == 0[0m
----------------------------- Captured stdout call -----------------------------

./launch/talk_listen.py:3:2: E999 IndentationError: unexpected indent

1     E999 IndentationError: unexpected indent

8 files checked
1 errors

'E'-type errors: 1

Checked files:

* ./setup.py
* ./mypkg/listener.py
* ./mypkg/talker.py
* ./mypkg/__init__.py
* ./launch/talk_listen.py
* ./test/test_copyright.py
* ./test/test_pep257.py
* ./test/test_flake8.py
----------------------------- Captured stderr call -----------------------------
option --max-complexity: please update from optparse string `type=` to argparse callable `type=` -- this will be an error in the future
[31m[1m_________________________________ test_pep257 __________________________________[0m
[1m[31mtest/test_pep257.py[0m:23: in test_pep257
    [94massert[39;49;00m rc == [94m0[39;49;00m, [33m'[39;49;00m[33mFound code style errors / warnings[39;49;00m[33m'[39;49;00m
[1m[31mE   AssertionError: Found code style errors / warnings[0m
[1m[31mE   assert 1 == 0[0m
----------------------------- Captured stdout call -----------------------------
checking ./launch/talk_listen.py
./launch/talk_listen.py: Cannot parse file.
checking ./mypkg/__init__.py
checking ./mypkg/listener.py
checking ./mypkg/talker.py
checking ./setup.py
checking ./test/test_copyright.py
checking ./test/test_flake8.py
checking ./test/test_pep257.py
checking test/test_copyright.py
checking test/test_flake8.py
checking test/test_pep257.py
1 errors
----------------------------- Captured stderr call -----------------------------
Error in file ./launch/talk_listen.py: Cannot parse file.
----- generated xml file: /home/rui810/ros2_ws/src/build/mypkg/pytest.xml ------
=========================== short test summary info ============================
FAILED test/test_flake8.py::test_flake8 - AssertionError: Found 1 code style ...
FAILED test/test_pep257.py::test_pep257 - AssertionError: Found code style er...
[31m=================== [31m[1m2 failed[0m, [33m1 skipped[0m, [33m2 warnings[0m[31m in 0.78s[0m[31m ===================[0m
