[0.855s] Invoking command in '/home/rui810/ros2_ws/src/mypkg': AMENT_PREFIX_PATH=/home/rui810/ros2_ws/src/install/mypkg:/home/rui810/ros2_ws/install/mypkg:/home/rui810/ros2_ws/install/person_msgs:/home/rui810/ros2_ws/src/install/person_msgs:/opt/ros/humble CMAKE_PREFIX_PATH=/home/rui810/ros2_ws/src/install/person_msgs:/home/rui810/ros2_ws/install/person_msgs CONDA_PROMPT_MODIFIER=(base) LD_LIBRARY_PATH=/home/rui810/ros2_ws/src/install/person_msgs/lib:/home/rui810/ros2_ws/install/person_msgs/lib:/opt/ros/humble/opt/rviz_ogre_vendor/lib:/opt/ros/humble/lib/x86_64-linux-gnu:/opt/ros/humble/lib PYTEST_ADDOPTS=--tb=short --junit-xml=/home/rui810/ros2_ws/src/build/mypkg/pytest.xml --junit-prefix=mypkg -o cache_dir=/home/rui810/ros2_ws/src/build/mypkg/.pytest_cache PYTHONDONTWRITEBYTECODE=1 PYTHONPATH=/home/rui810/ros2_ws/src/install/mypkg/lib/python3.10/site-packages:/home/rui810/ros2_ws/install/person_msgs/lib/python3.13/site-packages:/home/rui810/ros2_ws/install/mypkg/lib/python3.10/site-packages:/home/rui810/ros2_ws/install/person_msgs/local/lib/python3.10/dist-packages:/home/rui810/ros2_ws/src/install/person_msgs/lib/python3.13/site-packages:/opt/ros/humble/lib/python3.10/site-packages:/opt/ros/humble/local/lib/python3.10/dist-packages /usr/bin/python3 -m pytest
[1.785s] [1m============================= test session starts ==============================[0m
[1.786s] platform linux -- Python 3.10.12, pytest-6.2.5, py-1.10.0, pluggy-0.13.0
[1.798s] cachedir: /home/rui810/ros2_ws/src/build/mypkg/.pytest_cache
[1.798s] rootdir: /home/rui810/ros2_ws/src/mypkg
[1.798s] plugins: launch-testing-1.0.13, ament-copyright-0.12.14, ament-pep257-0.12.14, ament-flake8-0.12.14, ament-xmllint-0.12.14, ament-lint-0.12.14, launch-testing-ros-0.19.13, cov-3.0.0, colcon-core-0.20.1
[2.096s] [1mcollecting ... [0m[1m
[2.096s] collected 3 items                                                              [0m
[2.097s] 
[2.109s] test/test_copyright.py [33ms[0m[32m                                                 [ 33%][0m
[2.400s] test/test_flake8.py [31mF[0m[31m                                                    [ 66%][0m
[2.461s] test/test_pep257.py [31mF[0m[31m                                                    [100%][0m
[2.461s] 
[2.461s] =================================== FAILURES ===================================
[2.461s] [31m[1m_________________________________ test_flake8 __________________________________[0m
[2.461s] [1m[31mtest/test_flake8.py[0m:23: in test_flake8
[2.560s]     [94massert[39;49;00m rc == [94m0[39;49;00m, \
[2.562s] [1m[31mE   AssertionError: Found 1 code style errors / warnings:[0m
[2.563s] [1m[31mE     ./launch/talk_listen.py:3:2: E999 IndentationError: unexpected indent[0m
[2.563s] [1m[31mE   assert 1 == 0[0m
[2.563s] ----------------------------- Captured stdout call -----------------------------
[2.563s] 
[2.563s] ./launch/talk_listen.py:3:2: E999 IndentationError: unexpected indent
[2.563s] 
[2.563s] 1     E999 IndentationError: unexpected indent
[2.564s] 
[2.564s] 8 files checked
[2.564s] 1 errors
[2.564s] 
[2.564s] 'E'-type errors: 1
[2.564s] 
[2.564s] Checked files:
[2.564s] 
[2.564s] * ./setup.py
[2.564s] * ./mypkg/listener.py
[2.565s] * ./mypkg/talker.py
[2.565s] * ./mypkg/__init__.py
[2.565s] * ./launch/talk_listen.py
[2.565s] * ./test/test_copyright.py
[2.565s] * ./test/test_pep257.py
[2.565s] * ./test/test_flake8.py
[2.565s] ----------------------------- Captured stderr call -----------------------------
[2.565s] option --max-complexity: please update from optparse string `type=` to argparse callable `type=` -- this will be an error in the future
[2.566s] [31m[1m_________________________________ test_pep257 __________________________________[0m
[2.566s] [1m[31mtest/test_pep257.py[0m:23: in test_pep257
[2.566s]     [94massert[39;49;00m rc == [94m0[39;49;00m, [33m'[39;49;00m[33mFound code style errors / warnings[39;49;00m[33m'[39;49;00m
[2.566s] [1m[31mE   AssertionError: Found code style errors / warnings[0m
[2.566s] [1m[31mE   assert 1 == 0[0m
[2.566s] ----------------------------- Captured stdout call -----------------------------
[2.566s] checking ./launch/talk_listen.py
[2.566s] ./launch/talk_listen.py: Cannot parse file.
[2.566s] checking ./mypkg/__init__.py
[2.567s] checking ./mypkg/listener.py
[2.567s] checking ./mypkg/talker.py
[2.567s] checking ./setup.py
[2.567s] checking ./test/test_copyright.py
[2.567s] checking ./test/test_flake8.py
[2.567s] checking ./test/test_pep257.py
[2.567s] checking test/test_copyright.py
[2.567s] checking test/test_flake8.py
[2.568s] checking test/test_pep257.py
[2.568s] 1 errors
[2.568s] ----------------------------- Captured stderr call -----------------------------
[2.568s] Error in file ./launch/talk_listen.py: Cannot parse file.
[2.568s] ----- generated xml file: /home/rui810/ros2_ws/src/build/mypkg/pytest.xml ------
[2.568s] [33m=============================== warnings summary ===============================[0m
[2.568s] test/test_flake8.py::test_flake8
[2.568s] test/test_flake8.py::test_flake8
[2.568s]   Warning: SelectableGroups dict interface is deprecated. Use select.
[2.569s] 
[2.569s] -- Docs: https://docs.pytest.org/en/stable/warnings.html
[2.569s] =========================== short test summary info ============================
[2.569s] FAILED test/test_flake8.py::test_flake8 - AssertionError: Found 1 code style ...
[2.569s] FAILED test/test_pep257.py::test_pep257 - AssertionError: Found code style er...
[2.570s] [31m=================== [31m[1m2 failed[0m, [33m1 skipped[0m, [33m2 warnings[0m[31m in 0.78s[0m[31m ===================[0m
[2.708s] Invoked command in '/home/rui810/ros2_ws/src/mypkg' returned '1': AMENT_PREFIX_PATH=/home/rui810/ros2_ws/src/install/mypkg:/home/rui810/ros2_ws/install/mypkg:/home/rui810/ros2_ws/install/person_msgs:/home/rui810/ros2_ws/src/install/person_msgs:/opt/ros/humble CMAKE_PREFIX_PATH=/home/rui810/ros2_ws/src/install/person_msgs:/home/rui810/ros2_ws/install/person_msgs CONDA_PROMPT_MODIFIER=(base) LD_LIBRARY_PATH=/home/rui810/ros2_ws/src/install/person_msgs/lib:/home/rui810/ros2_ws/install/person_msgs/lib:/opt/ros/humble/opt/rviz_ogre_vendor/lib:/opt/ros/humble/lib/x86_64-linux-gnu:/opt/ros/humble/lib PYTEST_ADDOPTS=--tb=short --junit-xml=/home/rui810/ros2_ws/src/build/mypkg/pytest.xml --junit-prefix=mypkg -o cache_dir=/home/rui810/ros2_ws/src/build/mypkg/.pytest_cache PYTHONDONTWRITEBYTECODE=1 PYTHONPATH=/home/rui810/ros2_ws/src/install/mypkg/lib/python3.10/site-packages:/home/rui810/ros2_ws/install/person_msgs/lib/python3.13/site-packages:/home/rui810/ros2_ws/install/mypkg/lib/python3.10/site-packages:/home/rui810/ros2_ws/install/person_msgs/local/lib/python3.10/dist-packages:/home/rui810/ros2_ws/src/install/person_msgs/lib/python3.13/site-packages:/opt/ros/humble/lib/python3.10/site-packages:/opt/ros/humble/local/lib/python3.10/dist-packages /usr/bin/python3 -m pytest
